<?xml version="1.0" encoding="UTF-8"?>
<testsuite xmlns:xsi="http://www.w3.org/2001/XMLSchema-instance" xsi:noNamespaceSchemaLocation="https://maven.apache.org/surefire/maven-surefire-plugin/xsd/surefire-test-report-3.0.xsd" version="3.0" name="com.example.weather_app.WeatherAppApplicationTests" time="3.291" tests="1" errors="0" skipped="0" failures="0">
  <properties>
[...]
</properties>
  <testcase name="contextLoads" classname="com.example.weather_app.WeatherAppApplicationTests" time="1.069">
    <system-out><![CDATA[21:41:44.915 [main] INFO org.springframework.test.context.support.AnnotationConfigContextLoaderUtils -- Could not detect default configuration classes for test class [com.example.weather_app.WeatherAppApplicationTests]: WeatherAppApplicationTests does not declare any static, non-private, non-final, nested classes annotated with @Configuration.
21:41:45.030 [main] INFO org.springframework.boot.test.context.SpringBootTestContextBootstrapper -- Found @SpringBootConfiguration com.example.weather_app.WeatherAppApplication for test class com.example.weather_app.WeatherAppApplicationTests
21:41:45.251 [main] INFO org.springframework.boot.devtools.restart.RestartApplicationListener -- Restart disabled due to context in which it is running

  .   ____          _            __ _ _
 /\\ / ___'_ __ _ _(_)_ __  __ _ \ \ \ \
( ( )\___ | '_ | '_| | '_ \/ _` | \ \ \ \
 \\/  ___)| |_)| | | | | || (_| |  ) ) ) )
  '  |____| .__|_| |_|_| |_\__, | / / / /
 =========|_|==============|___/=/_/_/_/

 :: Spring Boot ::                (v3.3.1)

2025-08-13T21:41:45.670+05:30  INFO 19140 --- [weather-app] [           main] c.e.w.WeatherAppApplicationTests         : Starting WeatherAppApplicationTests using Java 23.0.2 with PID 19140 (started by LENOVO in D:\JAVA_Coding\Weather-App)
2025-08-13T21:41:45.671+05:30  INFO 19140 --- [weather-app] [           main] c.e.w.WeatherAppApplicationTests         : No active profile set, falling back to 1 default profile: "default"
2025-08-13T21:41:46.584+05:30  INFO 19140 --- [weather-app] [           main] o.s.b.a.w.s.WelcomePageHandlerMapping    : Adding welcome page template: index
2025-08-13T21:41:46.911+05:30  INFO 19140 --- [weather-app] [           main] c.e.w.WeatherAppApplicationTests         : Started WeatherAppApplicationTests in 1.675 seconds (process running for 2.93)
]]></system-out>
    <system-err><![CDATA[WARNING: A Java agent has been loaded dynamically (C:\Users\LENOVO\.m2\repository\net\bytebuddy\byte-buddy-agent\1.14.17\byte-buddy-agent-1.14.17.jar)
WARNING: If a serviceability tool is in use, please run with -XX:+EnableDynamicAgentLoading to hide this warning
WARNING: If a serviceability tool is not in use, please run with -Djdk.instrument.traceUsage for more information
WARNING: Dynamic loading of agents will be disallowed by default in a future release
]]></system-err>
  </testcase>
</testsuite>